<?xml version="1.0" encoding="UTF-8"?>
<testsuite xmlns:xsi="http://www.w3.org/2001/XMLSchema-instance" xsi:noNamespaceSchemaLocation="https://maven.apache.org/surefire/maven-surefire-plugin/xsd/surefire-test-report.xsd" name="sk.employees.AppTest" time="0.116" tests="5" errors="0" skipped="0" failures="0">
  <properties>
[...]
</properties>
  <testcase name="testPrintEmployees" classname="sk.employees.AppTest" time="0.061"/>
  <testcase name="testGetActiveEmployees" classname="sk.employees.AppTest" time="0"/>
  <testcase name="testSortEmployeesByAge" classname="sk.employees.AppTest" time="0"/>
  <testcase name="testGetEmployeesByCity" classname="sk.employees.AppTest" time="0"/>
  <testcase name="testGetEmployeesByGender" classname="sk.employees.AppTest" time="0"/>
</testsuite>